2019-01-06 17:27:20,871 INFO o.a.j.u.JMeterUtils: Setting Locale to en_EN
2019-01-06 17:27:20,886 INFO o.a.j.JMeter: Loading user properties from: user.properties
2019-01-06 17:27:20,886 INFO o.a.j.JMeter: Loading system properties from: system.properties
2019-01-06 17:27:20,886 INFO o.a.j.JMeter: Copyright (c) 1998-2017 The Apache Software Foundation
2019-01-06 17:27:20,886 INFO o.a.j.JMeter: Version 3.2 r1790748
2019-01-06 17:27:20,886 INFO o.a.j.JMeter: java.version=1.8.0_161
2019-01-06 17:27:20,886 INFO o.a.j.JMeter: java.vm.name=Java HotSpot(TM) 64-Bit Server VM
2019-01-06 17:27:20,886 INFO o.a.j.JMeter: os.name=Windows 10
2019-01-06 17:27:20,886 INFO o.a.j.JMeter: os.arch=amd64
2019-01-06 17:27:20,886 INFO o.a.j.JMeter: os.version=10.0
2019-01-06 17:27:20,886 INFO o.a.j.JMeter: file.encoding=Cp1252
2019-01-06 17:27:20,886 INFO o.a.j.JMeter: Max memory     =1073741824
2019-01-06 17:27:20,886 INFO o.a.j.JMeter: Available Processors =4
2019-01-06 17:27:20,886 INFO o.a.j.JMeter: Default Locale=English (EN)
2019-01-06 17:27:20,886 INFO o.a.j.JMeter: JMeter  Locale=English (EN)
2019-01-06 17:27:20,886 INFO o.a.j.JMeter: JMeterHome=E:\J\demo\apache-jmeter-5.0
2019-01-06 17:27:20,886 INFO o.a.j.JMeter: user.dir  =E:\J\demo\apache-jmeter-5.0\bin
2019-01-06 17:27:20,886 INFO o.a.j.JMeter: PWD       =E:\J\demo\apache-jmeter-5.0\bin
2019-01-06 17:27:25,435 INFO o.a.j.JMeter: IP: 192.168.164.3 Name: DESKTOP-P8FO1QM FullName: DESKTOP-P8FO1QM
2019-01-06 17:27:25,701 INFO o.a.j.g.a.LookAndFeelCommand: Using look and feel: javax.swing.plaf.metal.MetalLookAndFeel [Metal, CrossPlatform]
2019-01-06 17:27:25,702 INFO o.a.j.JMeter: Loaded icon properties from org/apache/jmeter/images/icon.properties
2019-01-06 17:27:26,541 INFO o.a.j.e.u.CompoundVariable: Note: Function class names must contain the string: '.functions.'
2019-01-06 17:27:26,541 INFO o.a.j.e.u.CompoundVariable: Note: Function class names must not contain the string: '.gui.'
2019-01-06 17:27:29,995 WARN o.j.r.Plugin: Unable to load class: nz.co.breakpoint.jmeter.vizualizers.sshmon.SSHMonCollector
java.lang.NoClassDefFoundError: kg/apc/jmeter/vizualizers/MonitoringResultsCollector
	at java.lang.ClassLoader.defineClass1(Native Method) ~[?:1.8.0_161]
	at java.lang.ClassLoader.defineClass(Unknown Source) ~[?:1.8.0_161]
	at java.security.SecureClassLoader.defineClass(Unknown Source) ~[?:1.8.0_161]
	at java.net.URLClassLoader.defineClass(Unknown Source) ~[?:1.8.0_161]
	at java.net.URLClassLoader.access$100(Unknown Source) ~[?:1.8.0_161]
	at java.net.URLClassLoader$1.run(Unknown Source) ~[?:1.8.0_161]
	at java.net.URLClassLoader$1.run(Unknown Source) ~[?:1.8.0_161]
	at java.security.AccessController.doPrivileged(Native Method) ~[?:1.8.0_161]
	at java.net.URLClassLoader.findClass(Unknown Source) ~[?:1.8.0_161]
	at java.lang.ClassLoader.loadClass(Unknown Source) ~[?:1.8.0_161]
	at java.lang.ClassLoader.loadClass(Unknown Source) ~[?:1.8.0_161]
	at org.jmeterplugins.repository.Plugin.getJARPath(Plugin.java:178) [jmeter-plugins-manager-0.11.jar:?]
	at org.jmeterplugins.repository.Plugin.detectInstalledPlugin(Plugin.java:92) [jmeter-plugins-manager-0.11.jar:?]
	at org.jmeterplugins.repository.Plugin.detectInstalled(Plugin.java:81) [jmeter-plugins-manager-0.11.jar:?]
	at org.jmeterplugins.repository.PluginManager.load(PluginManager.java:64) [jmeter-plugins-manager-0.11.jar:?]
	at org.jmeterplugins.repository.PluginManagerMenuItem.<init>(PluginManagerMenuItem.java:28) [jmeter-plugins-manager-0.11.jar:?]
	at org.jmeterplugins.repository.PluginManagerMenuCreator.getMenuItemsAtLocation(PluginManagerMenuCreator.java:22) [jmeter-plugins-manager-0.11.jar:?]
	at org.apache.jmeter.gui.util.JMeterMenuBar.addPluginsMenuItems(JMeterMenuBar.java:594) [ApacheJMeter_core.jar:3.2 r1790748]
	at org.apache.jmeter.gui.util.JMeterMenuBar.makeOptionsMenu(JMeterMenuBar.java:370) [ApacheJMeter_core.jar:3.2 r1790748]
	at org.apache.jmeter.gui.util.JMeterMenuBar.createMenuBar(JMeterMenuBar.java:268) [ApacheJMeter_core.jar:3.2 r1790748]
	at org.apache.jmeter.gui.util.JMeterMenuBar.<init>(JMeterMenuBar.java:164) [ApacheJMeter_core.jar:3.2 r1790748]
	at org.apache.jmeter.gui.MainFrame.init(MainFrame.java:510) [ApacheJMeter_core.jar:3.2 r1790748]
	at org.apache.jmeter.gui.MainFrame.<init>(MainFrame.java:240) [ApacheJMeter_core.jar:3.2 r1790748]
	at org.apache.jmeter.JMeter.startGui(JMeter.java:375) [ApacheJMeter_core.jar:5.0 r1840935]
	at org.apache.jmeter.JMeter.start(JMeter.java:519) [ApacheJMeter_core.jar:5.0 r1840935]
	at sun.reflect.NativeMethodAccessorImpl.invoke0(Native Method) ~[?:1.8.0_161]
	at sun.reflect.NativeMethodAccessorImpl.invoke(Unknown Source) ~[?:1.8.0_161]
	at sun.reflect.DelegatingMethodAccessorImpl.invoke(Unknown Source) ~[?:1.8.0_161]
	at java.lang.reflect.Method.invoke(Unknown Source) ~[?:1.8.0_161]
	at org.apache.jmeter.NewDriver.main(NewDriver.java:245) [ApacheJMeter.jar:5.0 r1840935]
Caused by: java.lang.ClassNotFoundException: kg.apc.jmeter.vizualizers.MonitoringResultsCollector
	at java.net.URLClassLoader.findClass(Unknown Source) ~[?:1.8.0_161]
	at java.lang.ClassLoader.loadClass(Unknown Source) ~[?:1.8.0_161]
	at java.lang.ClassLoader.loadClass(Unknown Source) ~[?:1.8.0_161]
	... 30 more
2019-01-06 17:27:30,385 INFO o.j.r.PluginManager: Plugins Status: [jpgc-graphs-basic=2.0, jpgc-graphs-additional=2.0, jpgc-sense=0.0.0-STOCK, jpgc-cmd=2.1, jpgc-graphs-composite=2.0, jpgc-csl=0.0.0-STOCK, jpgc-functions=2.0, jpgc-casutg=2.1, jpgc-dbmon=0.1, jpgc-dummy=0.2, jpgc-filterresults=0.0.0-STOCK, jpgc-ffw=2.0, jpgc-ggl=2.0, jpgc-fifo=0.2, jpgc-jmxmon=0.2, jpgc-mergeresults=0.0.0-STOCK, jpgc-perfmon=2.0, jpgc-plugins-manager=0.11, jpgc-synthesis=0.0.0-STOCK, jpgc-plancheck=0.0.0-STOCK, jpgc-tst=2.1, jpgc-wsc=0.0.0-STOCK, jmeter-core=3.2, jmeter-ftp=3.2, jmeter-http=3.2, jmeter-jdbc=3.2, jmeter-jms=3.2, jmeter-junit=3.2, jmeter-java=3.2, jmeter-ldap=3.2, jmeter-mail=3.2, jmeter-mongodb=3.2, jmeter-native=3.2, jmeter-tcp=3.2, jmeter-components=3.2, jpgc-standard=2.0]
2019-01-06 17:27:30,620 INFO k.a.j.JMeterPluginsUtils: JMeter-Plugins.org v.1.4.0
2019-01-06 17:27:30,704 WARN o.a.j.g.u.MenuFactory: Configuration error, probably corrupt or missing third party library(jar) ? Could not create class: kg.apc.jmeter.reporters.LoadosophiaUploaderGui. java.lang.NoClassDefFoundError: org/apache/commons/httpclient/methods/multipart/PartSource
java.lang.NoClassDefFoundError: org/apache/commons/httpclient/methods/multipart/PartSource
	at kg.apc.jmeter.reporters.LoadosophiaUploaderGui.init(LoadosophiaUploaderGui.java:114) ~[JMeterPlugins-Standard.jar:?]
	at kg.apc.jmeter.reporters.LoadosophiaUploaderGui.<init>(LoadosophiaUploaderGui.java:28) ~[JMeterPlugins-Standard.jar:?]
	at sun.reflect.NativeConstructorAccessorImpl.newInstance0(Native Method) ~[?:1.8.0_161]
	at sun.reflect.NativeConstructorAccessorImpl.newInstance(Unknown Source) ~[?:1.8.0_161]
	at sun.reflect.DelegatingConstructorAccessorImpl.newInstance(Unknown Source) ~[?:1.8.0_161]
	at java.lang.reflect.Constructor.newInstance(Unknown Source) ~[?:1.8.0_161]
	at java.lang.Class.newInstance(Unknown Source) ~[?:1.8.0_161]
	at org.apache.jmeter.gui.util.MenuFactory.initializeMenus(MenuFactory.java:505) ~[ApacheJMeter_core.jar:3.2 r1790748]
	at org.apache.jmeter.gui.util.MenuFactory.<clinit>(MenuFactory.java:169) ~[ApacheJMeter_core.jar:3.2 r1790748]
	at org.apache.jmeter.control.gui.WorkBenchGui.createPopupMenu(WorkBenchGui.java:119) ~[ApacheJMeter_core.jar:3.2 r1790748]
	at org.apache.jmeter.gui.tree.JMeterTreeNode.createPopupMenu(JMeterTreeNode.java:156) ~[ApacheJMeter_core.jar:3.2 r1790748]
	at org.apache.jmeter.gui.action.EditCommand.doAction(EditCommand.java:46) ~[ApacheJMeter_core.jar:3.2 r1790748]
	at org.apache.jmeter.gui.action.ActionRouter.performAction(ActionRouter.java:74) ~[ApacheJMeter_core.jar:3.2 r1790748]
	at org.apache.jmeter.gui.action.ActionRouter.lambda$actionPerformed$0(ActionRouter.java:59) ~[ApacheJMeter_core.jar:3.2 r1790748]
	at java.awt.event.InvocationEvent.dispatch(Unknown Source) [?:1.8.0_161]
	at java.awt.EventQueue.dispatchEventImpl(Unknown Source) [?:1.8.0_161]
	at java.awt.EventQueue.access$500(Unknown Source) [?:1.8.0_161]
	at java.awt.EventQueue$3.run(Unknown Source) [?:1.8.0_161]
	at java.awt.EventQueue$3.run(Unknown Source) [?:1.8.0_161]
	at java.security.AccessController.doPrivileged(Native Method) [?:1.8.0_161]
	at java.security.ProtectionDomain$JavaSecurityAccessImpl.doIntersectionPrivilege(Unknown Source) [?:1.8.0_161]
	at java.awt.EventQueue.dispatchEvent(Unknown Source) [?:1.8.0_161]
	at java.awt.EventDispatchThread.pumpOneEventForFilters(Unknown Source) [?:1.8.0_161]
	at java.awt.EventDispatchThread.pumpEventsForFilter(Unknown Source) [?:1.8.0_161]
	at java.awt.EventDispatchThread.pumpEventsForHierarchy(Unknown Source) [?:1.8.0_161]
	at java.awt.EventDispatchThread.pumpEvents(Unknown Source) [?:1.8.0_161]
	at java.awt.EventDispatchThread.pumpEvents(Unknown Source) [?:1.8.0_161]
	at java.awt.EventDispatchThread.run(Unknown Source) [?:1.8.0_161]
Caused by: java.lang.ClassNotFoundException: org.apache.commons.httpclient.methods.multipart.PartSource
	at java.net.URLClassLoader.findClass(Unknown Source) ~[?:1.8.0_161]
	at java.lang.ClassLoader.loadClass(Unknown Source) ~[?:1.8.0_161]
	at java.lang.ClassLoader.loadClass(Unknown Source) ~[?:1.8.0_161]
	... 28 more
2019-01-06 17:27:30,983 INFO o.a.j.g.u.MenuFactory: Skipping org.apache.jmeter.assertions.BSFAssertion
2019-01-06 17:27:31,205 INFO o.a.j.g.u.MenuFactory: Skipping org.apache.jmeter.extractor.BSFPostProcessor
2019-01-06 17:27:31,221 INFO o.a.j.g.u.MenuFactory: Skipping org.apache.jmeter.modifiers.BSFPreProcessor
2019-01-06 17:27:31,252 INFO o.a.j.p.h.s.HTTPSamplerBase: Parser for text/html is org.apache.jmeter.protocol.http.parser.LagartoBasedHtmlParser
2019-01-06 17:27:31,252 INFO o.a.j.p.h.s.HTTPSamplerBase: Parser for application/xhtml+xml is org.apache.jmeter.protocol.http.parser.LagartoBasedHtmlParser
2019-01-06 17:27:31,252 INFO o.a.j.p.h.s.HTTPSamplerBase: Parser for application/xml is org.apache.jmeter.protocol.http.parser.LagartoBasedHtmlParser
2019-01-06 17:27:31,252 INFO o.a.j.p.h.s.HTTPSamplerBase: Parser for text/xml is org.apache.jmeter.protocol.http.parser.LagartoBasedHtmlParser
2019-01-06 17:27:31,252 INFO o.a.j.p.h.s.HTTPSamplerBase: Parser for text/vnd.wap.wml is org.apache.jmeter.protocol.http.parser.RegexpHTMLParser
2019-01-06 17:27:31,252 INFO o.a.j.p.h.s.HTTPSamplerBase: Parser for text/css is org.apache.jmeter.protocol.http.parser.CssParser
2019-01-06 17:27:31,521 INFO o.a.j.e.KeyToolUtils: keytool found at 'keytool'
2019-01-06 17:27:31,521 INFO o.a.j.p.h.p.ProxyControl: HTTP(S) Test Script Recorder SSL Proxy will use keys that support embedded 3rd party resources in file E:\J\demo\apache-jmeter-5.0\bin\proxyserver.jks
2019-01-06 17:27:31,684 INFO o.a.j.g.u.MenuFactory: Skipping org.apache.jmeter.protocol.java.sampler.BSFSampler
2019-01-06 17:27:31,706 INFO o.a.j.s.FileServer: Default base='E:\J\demo\apache-jmeter-5.0\bin'
2019-01-06 17:27:31,752 INFO o.a.j.g.u.MenuFactory: Skipping org.apache.jmeter.protocol.mongodb.config.MongoSourceElement
2019-01-06 17:27:31,752 INFO o.a.j.g.u.MenuFactory: Skipping org.apache.jmeter.protocol.mongodb.sampler.MongoScriptSampler
2019-01-06 17:27:31,958 INFO o.a.j.g.u.MenuFactory: Skipping org.apache.jmeter.timers.BSFTimer
2019-01-06 17:27:31,973 INFO o.a.j.g.u.MenuFactory: Skipping org.apache.jmeter.visualizers.BSFListener
2019-01-06 17:27:32,058 INFO o.a.j.s.SampleResult: Note: Sample TimeStamps are START times
2019-01-06 17:27:32,058 INFO o.a.j.s.SampleResult: sampleresult.default.encoding is set to ISO-8859-1
2019-01-06 17:27:32,058 INFO o.a.j.s.SampleResult: sampleresult.useNanoTime=true
2019-01-06 17:27:32,058 INFO o.a.j.s.SampleResult: sampleresult.nanoThreadSleep=5000
2019-01-06 17:27:32,089 WARN o.a.j.v.ViewResultsFullVisualizer: Missing (check spelling error in renderer name) or already added(check doublon) result renderer, check property 'view.results.tree.renderers_order', renderer name: 'org.apache.jmeter.visualizers.RenderAsBoundaryExtractor'
2019-01-06 17:27:53,182 INFO o.a.j.g.a.Load: Loading file: E:\J\demo\source\demo.jmx
2019-01-06 17:27:53,182 INFO o.a.j.s.FileServer: Set new base='E:\J\demo\source'
2019-01-06 17:27:53,282 INFO o.a.j.s.SaveService: Testplan (JMX) version: 2.2. Testlog (JTL) version: 2.2
2019-01-06 17:27:53,282 INFO o.a.j.s.SaveService: Using SaveService properties file encoding UTF-8
2019-01-06 17:27:53,282 INFO o.a.j.s.SaveService: Using SaveService properties version 5.0
2019-01-06 17:27:53,282 WARN o.a.j.s.SaveService: Bad _version - expected 3.2, found 5.0.
2019-01-06 17:27:53,282 INFO o.a.j.s.SaveService: Loading file: E:\J\demo\source\demo.jmx
2019-01-06 17:27:53,513 WARN o.a.j.v.ViewResultsFullVisualizer: Missing (check spelling error in renderer name) or already added(check doublon) result renderer, check property 'view.results.tree.renderers_order', renderer name: 'org.apache.jmeter.visualizers.RenderAsBoundaryExtractor'
2019-01-06 17:27:53,574 INFO o.a.j.s.FileServer: Set new base='E:\J\demo\source'
2019-01-06 17:27:57,052 INFO o.a.j.e.StandardJMeterEngine: Running the test!
2019-01-06 17:27:57,052 INFO o.a.j.s.SampleEvent: List of sample_variables: []
2019-01-06 17:27:57,052 INFO o.a.j.s.SampleEvent: List of sample_variables: []
2019-01-06 17:27:57,083 INFO o.a.j.v.b.BackendListener: Backend Listener: Starting worker with class: class rocks.nt.apm.jmeter.JMeterInfluxDBBackendListenerClient and queue capacity: 5000
2019-01-06 17:27:57,083 INFO o.a.j.v.b.BackendListener: Backend Listener: Started  worker with class: class rocks.nt.apm.jmeter.JMeterInfluxDBBackendListenerClient
2019-01-06 17:27:57,157 INFO o.a.j.g.u.JMeterMenuBar: setRunning(true, *local*)
2019-01-06 17:27:57,343 INFO o.a.j.e.StandardJMeterEngine: Starting ThreadGroup: 1 : jp@gc - Stepping Thread Group
2019-01-06 17:27:57,343 INFO o.a.j.e.StandardJMeterEngine: Starting 100 threads for group jp@gc - Stepping Thread Group.
2019-01-06 17:27:57,343 INFO o.a.j.e.StandardJMeterEngine: Thread will continue on error
2019-01-06 17:27:57,343 INFO k.a.j.t.AbstractSimpleThreadGroup: Starting thread group number 1 threads 100
2019-01-06 17:27:57,358 INFO o.a.j.t.JMeterThread: Thread started: jp@gc - Stepping Thread Group 1-1
2019-01-06 17:27:57,358 INFO o.a.j.t.JMeterThread: Thread started: jp@gc - Stepping Thread Group 1-2
2019-01-06 17:27:57,358 INFO o.a.j.t.JMeterThread: Thread started: jp@gc - Stepping Thread Group 1-3
2019-01-06 17:27:57,358 INFO o.a.j.t.JMeterThread: Thread started: jp@gc - Stepping Thread Group 1-4
2019-01-06 17:27:57,358 INFO o.a.j.t.JMeterThread: Thread started: jp@gc - Stepping Thread Group 1-5
2019-01-06 17:27:57,358 INFO o.a.j.t.JMeterThread: Thread started: jp@gc - Stepping Thread Group 1-7
2019-01-06 17:27:57,358 INFO o.a.j.p.h.s.HTTPHCAbstractImpl: Local host = DESKTOP-P8FO1QM
2019-01-06 17:27:57,358 INFO o.a.j.t.JMeterThread: Thread started: jp@gc - Stepping Thread Group 1-6
2019-01-06 17:27:57,374 INFO o.a.j.p.h.s.HTTPHC4Impl: HTTP request retry count = 0
2019-01-06 17:27:57,384 INFO o.a.j.t.JMeterThread: Thread started: jp@gc - Stepping Thread Group 1-8
2019-01-06 17:27:57,384 INFO o.a.j.t.JMeterThread: Thread started: jp@gc - Stepping Thread Group 1-9
2019-01-06 17:27:57,384 INFO o.a.j.t.JMeterThread: Thread started: jp@gc - Stepping Thread Group 1-10
2019-01-06 17:27:57,384 INFO k.a.j.t.AbstractSimpleThreadGroup: Started thread group number 1
2019-01-06 17:27:57,384 INFO o.a.j.e.StandardJMeterEngine: All thread groups have been started
2019-01-06 17:27:57,399 INFO o.a.j.p.h.s.LazySchemeSocketFactory: Setting up HTTPS TrustAll Socket Factory
2019-01-06 17:27:57,399 INFO o.a.j.u.JsseSSLManager: Using default SSL protocol: TLS
2019-01-06 17:27:57,399 INFO o.a.j.u.JsseSSLManager: SSL session context: per-thread
2019-01-06 17:27:57,416 INFO o.a.j.u.SSLManager: JmeterKeyStore Location:  type JKS
2019-01-06 17:27:57,417 INFO o.a.j.u.SSLManager: KeyStore created OK
2019-01-06 17:27:57,417 WARN o.a.j.u.SSLManager: Keystore file not found, loading empty keystore
2019-01-06 17:28:02,343 INFO o.a.j.t.JMeterThread: Thread started: jp@gc - Stepping Thread Group 1-19
2019-01-06 17:28:02,343 INFO o.a.j.t.JMeterThread: Thread started: jp@gc - Stepping Thread Group 1-17
2019-01-06 17:28:02,343 INFO o.a.j.t.JMeterThread: Thread started: jp@gc - Stepping Thread Group 1-15
2019-01-06 17:28:02,343 INFO o.a.j.t.JMeterThread: Thread started: jp@gc - Stepping Thread Group 1-11
2019-01-06 17:28:02,364 INFO o.a.j.t.JMeterThread: Thread started: jp@gc - Stepping Thread Group 1-13
2019-01-06 17:28:02,365 INFO o.a.j.t.JMeterThread: Thread started: jp@gc - Stepping Thread Group 1-12
2019-01-06 17:28:02,372 INFO o.a.j.t.JMeterThread: Thread started: jp@gc - Stepping Thread Group 1-18
2019-01-06 17:28:02,372 INFO o.a.j.t.JMeterThread: Thread started: jp@gc - Stepping Thread Group 1-14
2019-01-06 17:28:02,372 INFO o.a.j.t.JMeterThread: Thread started: jp@gc - Stepping Thread Group 1-16
2019-01-06 17:28:02,381 INFO o.a.j.t.JMeterThread: Thread started: jp@gc - Stepping Thread Group 1-20
2019-01-06 17:28:07,344 INFO o.a.j.t.JMeterThread: Thread started: jp@gc - Stepping Thread Group 1-23
2019-01-06 17:28:07,344 INFO o.a.j.t.JMeterThread: Thread started: jp@gc - Stepping Thread Group 1-22
2019-01-06 17:28:07,344 INFO o.a.j.t.JMeterThread: Thread started: jp@gc - Stepping Thread Group 1-24
2019-01-06 17:28:07,344 INFO o.a.j.t.JMeterThread: Thread started: jp@gc - Stepping Thread Group 1-30
2019-01-06 17:28:07,352 INFO o.a.j.t.JMeterThread: Thread started: jp@gc - Stepping Thread Group 1-26
2019-01-06 17:28:07,352 INFO o.a.j.t.JMeterThread: Thread started: jp@gc - Stepping Thread Group 1-25
2019-01-06 17:28:07,352 INFO o.a.j.t.JMeterThread: Thread started: jp@gc - Stepping Thread Group 1-27
2019-01-06 17:28:07,363 INFO o.a.j.t.JMeterThread: Thread started: jp@gc - Stepping Thread Group 1-28
2019-01-06 17:28:07,383 INFO o.a.j.t.JMeterThread: Thread started: jp@gc - Stepping Thread Group 1-29
2019-01-06 17:28:07,344 INFO o.a.j.t.JMeterThread: Thread started: jp@gc - Stepping Thread Group 1-21
2019-01-06 17:28:12,343 INFO o.a.j.t.JMeterThread: Thread started: jp@gc - Stepping Thread Group 1-32
2019-01-06 17:28:12,343 INFO o.a.j.t.JMeterThread: Thread started: jp@gc - Stepping Thread Group 1-31
2019-01-06 17:28:12,343 INFO o.a.j.t.JMeterThread: Thread started: jp@gc - Stepping Thread Group 1-37
2019-01-06 17:28:12,343 INFO o.a.j.t.JMeterThread: Thread started: jp@gc - Stepping Thread Group 1-39
2019-01-06 17:28:12,343 INFO o.a.j.t.JMeterThread: Thread started: jp@gc - Stepping Thread Group 1-38
2019-01-06 17:28:12,349 INFO o.a.j.t.JMeterThread: Thread started: jp@gc - Stepping Thread Group 1-36
2019-01-06 17:28:12,351 INFO o.a.j.t.JMeterThread: Thread started: jp@gc - Stepping Thread Group 1-40
2019-01-06 17:28:12,353 INFO o.a.j.t.JMeterThread: Thread started: jp@gc - Stepping Thread Group 1-35
2019-01-06 17:28:12,354 INFO o.a.j.t.JMeterThread: Thread started: jp@gc - Stepping Thread Group 1-33
2019-01-06 17:28:12,355 INFO o.a.j.t.JMeterThread: Thread started: jp@gc - Stepping Thread Group 1-34
2019-01-06 17:28:12,453 INFO o.a.j.g.a.Start: Stopping test
2019-01-06 17:28:12,469 INFO o.a.j.t.JMeterThread: Stopping: jp@gc - Stepping Thread Group 1-50
2019-01-06 17:28:12,469 INFO o.a.j.t.JMeterThread: Thread started: jp@gc - Stepping Thread Group 1-50
2019-01-06 17:28:12,469 INFO o.a.j.t.JMeterThread: Stopping: jp@gc - Stepping Thread Group 1-81
2019-01-06 17:28:12,469 INFO o.a.j.t.JMeterThread: Thread finished: jp@gc - Stepping Thread Group 1-50
2019-01-06 17:28:12,469 INFO o.a.j.t.JMeterThread: Thread started: jp@gc - Stepping Thread Group 1-81
2019-01-06 17:28:12,469 INFO o.a.j.t.JMeterThread: Stopping: jp@gc - Stepping Thread Group 1-28
2019-01-06 17:28:12,469 WARN o.a.j.t.JMeterThread: Interrupting: jp@gc - Stepping Thread Group 1-28 sampler: HTTP Request
2019-01-06 17:28:12,469 INFO o.a.j.t.JMeterThread: Thread finished: jp@gc - Stepping Thread Group 1-81
2019-01-06 17:28:12,469 INFO o.a.j.t.JMeterThread: Stopping: jp@gc - Stepping Thread Group 1-72
2019-01-06 17:28:12,469 INFO o.a.j.t.JMeterThread: Thread finished: jp@gc - Stepping Thread Group 1-28
2019-01-06 17:28:12,476 INFO o.a.j.t.JMeterThread: Thread started: jp@gc - Stepping Thread Group 1-72
2019-01-06 17:28:12,469 INFO o.a.j.t.JMeterThread: Stopping: jp@gc - Stepping Thread Group 1-96
2019-01-06 17:28:12,476 INFO o.a.j.t.JMeterThread: Stopping: jp@gc - Stepping Thread Group 1-89
2019-01-06 17:28:12,476 INFO o.a.j.t.JMeterThread: Stopping: jp@gc - Stepping Thread Group 1-93
2019-01-06 17:28:12,476 INFO o.a.j.t.JMeterThread: Stopping: jp@gc - Stepping Thread Group 1-64
2019-01-06 17:28:12,476 INFO o.a.j.t.JMeterThread: Stopping: jp@gc - Stepping Thread Group 1-19
2019-01-06 17:28:12,476 WARN o.a.j.t.JMeterThread: Interrupting: jp@gc - Stepping Thread Group 1-19 sampler: HTTP Request
2019-01-06 17:28:12,476 INFO o.a.j.t.JMeterThread: Thread finished: jp@gc - Stepping Thread Group 1-72
2019-01-06 17:28:12,476 INFO o.a.j.t.JMeterThread: Thread started: jp@gc - Stepping Thread Group 1-64
2019-01-06 17:28:12,476 INFO o.a.j.t.JMeterThread: Thread started: jp@gc - Stepping Thread Group 1-93
2019-01-06 17:28:12,476 INFO o.a.j.t.JMeterThread: Thread started: jp@gc - Stepping Thread Group 1-96
2019-01-06 17:28:12,476 INFO o.a.j.t.JMeterThread: Thread finished: jp@gc - Stepping Thread Group 1-93
2019-01-06 17:28:12,476 INFO o.a.j.t.JMeterThread: Thread finished: jp@gc - Stepping Thread Group 1-96
2019-01-06 17:28:12,476 INFO o.a.j.t.JMeterThread: Thread finished: jp@gc - Stepping Thread Group 1-64
2019-01-06 17:28:12,476 INFO o.a.j.t.JMeterThread: Thread started: jp@gc - Stepping Thread Group 1-89
2019-01-06 17:28:12,476 INFO o.a.j.t.JMeterThread: Thread finished: jp@gc - Stepping Thread Group 1-89
2019-01-06 17:28:12,476 INFO o.a.j.t.JMeterThread: Stopping: jp@gc - Stepping Thread Group 1-65
2019-01-06 17:28:12,476 INFO o.a.j.t.JMeterThread: Stopping: jp@gc - Stepping Thread Group 1-4
2019-01-06 17:28:12,476 WARN o.a.j.t.JMeterThread: Interrupting: jp@gc - Stepping Thread Group 1-4 sampler: HTTP Request
2019-01-06 17:28:12,476 INFO o.a.j.t.JMeterThread: Thread started: jp@gc - Stepping Thread Group 1-65
2019-01-06 17:28:12,476 INFO o.a.j.t.JMeterThread: Thread finished: jp@gc - Stepping Thread Group 1-65
2019-01-06 17:28:12,476 INFO o.a.j.t.JMeterThread: Thread finished: jp@gc - Stepping Thread Group 1-19
2019-01-06 17:28:12,476 INFO o.a.j.t.JMeterThread: Thread finished: jp@gc - Stepping Thread Group 1-4
2019-01-06 17:28:12,476 INFO o.a.j.t.JMeterThread: Stopping: jp@gc - Stepping Thread Group 1-51
2019-01-06 17:28:12,476 INFO o.a.j.t.JMeterThread: Stopping: jp@gc - Stepping Thread Group 1-47
2019-01-06 17:28:12,476 INFO o.a.j.t.JMeterThread: Stopping: jp@gc - Stepping Thread Group 1-30
2019-01-06 17:28:12,476 WARN o.a.j.t.JMeterThread: Interrupting: jp@gc - Stepping Thread Group 1-30 sampler: HTTP Request
2019-01-06 17:28:12,476 INFO o.a.j.t.JMeterThread: Thread started: jp@gc - Stepping Thread Group 1-51
2019-01-06 17:28:12,476 INFO o.a.j.t.JMeterThread: Thread finished: jp@gc - Stepping Thread Group 1-51
2019-01-06 17:28:12,476 INFO o.a.j.t.JMeterThread: Thread finished: jp@gc - Stepping Thread Group 1-30
2019-01-06 17:28:12,476 INFO o.a.j.t.JMeterThread: Thread started: jp@gc - Stepping Thread Group 1-47
2019-01-06 17:28:12,476 INFO o.a.j.t.JMeterThread: Thread finished: jp@gc - Stepping Thread Group 1-47
2019-01-06 17:28:12,476 INFO o.a.j.t.JMeterThread: Stopping: jp@gc - Stepping Thread Group 1-100
2019-01-06 17:28:12,476 INFO o.a.j.t.JMeterThread: Stopping: jp@gc - Stepping Thread Group 1-85
2019-01-06 17:28:12,476 INFO o.a.j.t.JMeterThread: Stopping: jp@gc - Stepping Thread Group 1-24
2019-01-06 17:28:12,476 WARN o.a.j.t.JMeterThread: Interrupting: jp@gc - Stepping Thread Group 1-24 sampler: HTTP Request
2019-01-06 17:28:12,476 INFO o.a.j.t.JMeterThread: Thread started: jp@gc - Stepping Thread Group 1-85
2019-01-06 17:28:12,491 INFO o.a.j.t.JMeterThread: Thread finished: jp@gc - Stepping Thread Group 1-85
2019-01-06 17:28:12,491 INFO o.a.j.t.JMeterThread: Stopping: jp@gc - Stepping Thread Group 1-52
2019-01-06 17:28:12,491 INFO o.a.j.t.JMeterThread: Stopping: jp@gc - Stepping Thread Group 1-45
2019-01-06 17:28:12,491 INFO o.a.j.t.JMeterThread: Stopping: jp@gc - Stepping Thread Group 1-40
2019-01-06 17:28:12,491 INFO o.a.j.t.JMeterThread: Thread finished: jp@gc - Stepping Thread Group 1-24
2019-01-06 17:28:12,491 INFO o.a.j.t.JMeterThread: Thread started: jp@gc - Stepping Thread Group 1-52
2019-01-06 17:28:12,491 WARN o.a.j.t.JMeterThread: Interrupting: jp@gc - Stepping Thread Group 1-40 sampler: HTTP Request
2019-01-06 17:28:12,491 INFO o.a.j.t.JMeterThread: Thread started: jp@gc - Stepping Thread Group 1-100
2019-01-06 17:28:12,491 INFO o.a.j.t.JMeterThread: Stopping: jp@gc - Stepping Thread Group 1-68
2019-01-06 17:28:12,491 INFO o.a.j.t.JMeterThread: Stopping: jp@gc - Stepping Thread Group 1-44
2019-01-06 17:28:12,491 INFO o.a.j.t.JMeterThread: Stopping: jp@gc - Stepping Thread Group 1-78
2019-01-06 17:28:12,491 INFO o.a.j.t.JMeterThread: Stopping: jp@gc - Stepping Thread Group 1-59
2019-01-06 17:28:12,491 INFO o.a.j.t.JMeterThread: Thread finished: jp@gc - Stepping Thread Group 1-40
2019-01-06 17:28:12,491 INFO o.a.j.t.JMeterThread: Stopping: jp@gc - Stepping Thread Group 1-67
2019-01-06 17:28:12,491 INFO o.a.j.t.JMeterThread: Thread started: jp@gc - Stepping Thread Group 1-67
2019-01-06 17:28:12,491 INFO o.a.j.t.JMeterThread: Thread started: jp@gc - Stepping Thread Group 1-59
2019-01-06 17:28:12,491 INFO o.a.j.t.JMeterThread: Thread finished: jp@gc - Stepping Thread Group 1-67
2019-01-06 17:28:12,491 INFO o.a.j.t.JMeterThread: Thread finished: jp@gc - Stepping Thread Group 1-59
2019-01-06 17:28:12,491 INFO o.a.j.t.JMeterThread: Thread finished: jp@gc - Stepping Thread Group 1-52
2019-01-06 17:28:12,491 INFO o.a.j.t.JMeterThread: Thread finished: jp@gc - Stepping Thread Group 1-100
2019-01-06 17:28:12,491 INFO o.a.j.t.JMeterThread: Stopping: jp@gc - Stepping Thread Group 1-80
2019-01-06 17:28:12,491 INFO o.a.j.t.JMeterThread: Thread started: jp@gc - Stepping Thread Group 1-68
2019-01-06 17:28:12,491 INFO o.a.j.t.JMeterThread: Stopping: jp@gc - Stepping Thread Group 1-10
2019-01-06 17:28:12,491 WARN o.a.j.t.JMeterThread: Interrupting: jp@gc - Stepping Thread Group 1-10 sampler: HTTP Request
2019-01-06 17:28:12,491 INFO o.a.j.t.JMeterThread: Thread finished: jp@gc - Stepping Thread Group 1-68
2019-01-06 17:28:12,491 INFO o.a.j.t.JMeterThread: Thread started: jp@gc - Stepping Thread Group 1-44
2019-01-06 17:28:12,491 INFO o.a.j.t.JMeterThread: Thread finished: jp@gc - Stepping Thread Group 1-44
2019-01-06 17:28:12,491 INFO o.a.j.t.JMeterThread: Thread started: jp@gc - Stepping Thread Group 1-78
2019-01-06 17:28:12,491 INFO o.a.j.t.JMeterThread: Thread finished: jp@gc - Stepping Thread Group 1-78
2019-01-06 17:28:12,491 INFO o.a.j.t.JMeterThread: Thread started: jp@gc - Stepping Thread Group 1-45
2019-01-06 17:28:12,491 INFO o.a.j.t.JMeterThread: Thread finished: jp@gc - Stepping Thread Group 1-45
2019-01-06 17:28:12,491 INFO o.a.j.t.JMeterThread: Thread started: jp@gc - Stepping Thread Group 1-80
2019-01-06 17:28:12,491 INFO o.a.j.t.JMeterThread: Thread finished: jp@gc - Stepping Thread Group 1-10
2019-01-06 17:28:12,491 INFO o.a.j.t.JMeterThread: Thread finished: jp@gc - Stepping Thread Group 1-80
2019-01-06 17:28:12,491 INFO o.a.j.t.JMeterThread: Stopping: jp@gc - Stepping Thread Group 1-79
2019-01-06 17:28:12,491 INFO o.a.j.t.JMeterThread: Stopping: jp@gc - Stepping Thread Group 1-88
2019-01-06 17:28:12,491 INFO o.a.j.t.JMeterThread: Thread started: jp@gc - Stepping Thread Group 1-79
2019-01-06 17:28:12,491 INFO o.a.j.t.JMeterThread: Stopping: jp@gc - Stepping Thread Group 1-38
2019-01-06 17:28:12,491 WARN o.a.j.t.JMeterThread: Interrupting: jp@gc - Stepping Thread Group 1-38 sampler: HTTP Request
2019-01-06 17:28:12,491 INFO o.a.j.t.JMeterThread: Thread finished: jp@gc - Stepping Thread Group 1-79
2019-01-06 17:28:12,507 INFO o.a.j.t.JMeterThread: Thread finished: jp@gc - Stepping Thread Group 1-38
2019-01-06 17:28:12,507 INFO o.a.j.t.JMeterThread: Thread started: jp@gc - Stepping Thread Group 1-88
2019-01-06 17:28:12,507 INFO o.a.j.t.JMeterThread: Thread finished: jp@gc - Stepping Thread Group 1-88
2019-01-06 17:28:12,507 INFO o.a.j.t.JMeterThread: Stopping: jp@gc - Stepping Thread Group 1-14
2019-01-06 17:28:12,507 WARN o.a.j.t.JMeterThread: Interrupting: jp@gc - Stepping Thread Group 1-14 sampler: HTTP Request
2019-01-06 17:28:12,507 INFO o.a.j.t.JMeterThread: Thread finished: jp@gc - Stepping Thread Group 1-14
2019-01-06 17:28:12,507 INFO o.a.j.t.JMeterThread: Stopping: jp@gc - Stepping Thread Group 1-37
2019-01-06 17:28:12,507 WARN o.a.j.t.JMeterThread: Interrupting: jp@gc - Stepping Thread Group 1-37 sampler: HTTP Request
2019-01-06 17:28:12,507 INFO o.a.j.t.JMeterThread: Stopping: jp@gc - Stepping Thread Group 1-46
2019-01-06 17:28:12,507 INFO o.a.j.t.JMeterThread: Stopping: jp@gc - Stepping Thread Group 1-66
2019-01-06 17:28:12,507 INFO o.a.j.t.JMeterThread: Stopping: jp@gc - Stepping Thread Group 1-8
2019-01-06 17:28:12,507 WARN o.a.j.t.JMeterThread: Interrupting: jp@gc - Stepping Thread Group 1-8 sampler: HTTP Request
2019-01-06 17:28:12,507 INFO o.a.j.t.JMeterThread: Thread finished: jp@gc - Stepping Thread Group 1-37
2019-01-06 17:28:12,507 INFO o.a.j.t.JMeterThread: Thread started: jp@gc - Stepping Thread Group 1-46
2019-01-06 17:28:12,507 INFO o.a.j.t.JMeterThread: Thread started: jp@gc - Stepping Thread Group 1-66
2019-01-06 17:28:12,507 INFO o.a.j.t.JMeterThread: Thread finished: jp@gc - Stepping Thread Group 1-8
2019-01-06 17:28:12,507 INFO o.a.j.t.JMeterThread: Thread finished: jp@gc - Stepping Thread Group 1-46
2019-01-06 17:28:12,507 INFO o.a.j.t.JMeterThread: Thread finished: jp@gc - Stepping Thread Group 1-66
2019-01-06 17:28:12,507 INFO o.a.j.t.JMeterThread: Stopping: jp@gc - Stepping Thread Group 1-86
2019-01-06 17:28:12,507 INFO o.a.j.t.JMeterThread: Stopping: jp@gc - Stepping Thread Group 1-83
2019-01-06 17:28:12,507 INFO o.a.j.t.JMeterThread: Stopping: jp@gc - Stepping Thread Group 1-99
2019-01-06 17:28:12,507 INFO o.a.j.t.JMeterThread: Stopping: jp@gc - Stepping Thread Group 1-63
2019-01-06 17:28:12,507 INFO o.a.j.t.JMeterThread: Stopping: jp@gc - Stepping Thread Group 1-31
2019-01-06 17:28:12,507 WARN o.a.j.t.JMeterThread: Interrupting: jp@gc - Stepping Thread Group 1-31 sampler: HTTP Request
2019-01-06 17:28:12,507 INFO o.a.j.t.JMeterThread: Thread started: jp@gc - Stepping Thread Group 1-63
2019-01-06 17:28:12,522 INFO o.a.j.t.JMeterThread: Thread finished: jp@gc - Stepping Thread Group 1-63
2019-01-06 17:28:12,522 INFO o.a.j.t.JMeterThread: Thread started: jp@gc - Stepping Thread Group 1-99
2019-01-06 17:28:12,522 INFO o.a.j.t.JMeterThread: Thread finished: jp@gc - Stepping Thread Group 1-99
2019-01-06 17:28:12,522 INFO o.a.j.t.JMeterThread: Thread started: jp@gc - Stepping Thread Group 1-83
2019-01-06 17:28:12,522 INFO o.a.j.t.JMeterThread: Thread finished: jp@gc - Stepping Thread Group 1-83
2019-01-06 17:28:12,507 INFO o.a.j.t.JMeterThread: Thread started: jp@gc - Stepping Thread Group 1-86
2019-01-06 17:28:12,522 INFO o.a.j.t.JMeterThread: Thread finished: jp@gc - Stepping Thread Group 1-86
2019-01-06 17:28:12,522 INFO o.a.j.t.JMeterThread: Thread finished: jp@gc - Stepping Thread Group 1-31
2019-01-06 17:28:12,522 INFO o.a.j.t.JMeterThread: Stopping: jp@gc - Stepping Thread Group 1-94
2019-01-06 17:28:12,522 INFO o.a.j.t.JMeterThread: Stopping: jp@gc - Stepping Thread Group 1-95
2019-01-06 17:28:12,522 INFO o.a.j.t.JMeterThread: Stopping: jp@gc - Stepping Thread Group 1-57
2019-01-06 17:28:12,522 INFO o.a.j.t.JMeterThread: Stopping: jp@gc - Stepping Thread Group 1-53
2019-01-06 17:28:12,522 INFO o.a.j.t.JMeterThread: Stopping: jp@gc - Stepping Thread Group 1-54
2019-01-06 17:28:12,522 INFO o.a.j.t.JMeterThread: Stopping: jp@gc - Stepping Thread Group 1-98
2019-01-06 17:28:12,522 INFO o.a.j.t.JMeterThread: Stopping: jp@gc - Stepping Thread Group 1-29
2019-01-06 17:28:12,522 WARN o.a.j.t.JMeterThread: Interrupting: jp@gc - Stepping Thread Group 1-29 sampler: HTTP Request
2019-01-06 17:28:12,522 INFO o.a.j.t.JMeterThread: Thread started: jp@gc - Stepping Thread Group 1-94
2019-01-06 17:28:12,522 INFO o.a.j.t.JMeterThread: Thread started: jp@gc - Stepping Thread Group 1-57
2019-01-06 17:28:12,522 INFO o.a.j.t.JMeterThread: Thread started: jp@gc - Stepping Thread Group 1-54
2019-01-06 17:28:12,522 INFO o.a.j.t.JMeterThread: Thread started: jp@gc - Stepping Thread Group 1-95
2019-01-06 17:28:12,522 INFO o.a.j.t.JMeterThread: Thread finished: jp@gc - Stepping Thread Group 1-57
2019-01-06 17:28:12,522 INFO o.a.j.t.JMeterThread: Thread started: jp@gc - Stepping Thread Group 1-98
2019-01-06 17:28:12,522 INFO o.a.j.t.JMeterThread: Thread finished: jp@gc - Stepping Thread Group 1-98
2019-01-06 17:28:12,522 INFO o.a.j.t.JMeterThread: Thread finished: jp@gc - Stepping Thread Group 1-29
2019-01-06 17:28:12,522 INFO o.a.j.t.JMeterThread: Stopping: jp@gc - Stepping Thread Group 1-23
2019-01-06 17:28:12,522 WARN o.a.j.t.JMeterThread: Interrupting: jp@gc - Stepping Thread Group 1-23 sampler: HTTP Request
2019-01-06 17:28:12,522 INFO o.a.j.t.JMeterThread: Thread finished: jp@gc - Stepping Thread Group 1-94
2019-01-06 17:28:12,522 INFO o.a.j.t.JMeterThread: Thread started: jp@gc - Stepping Thread Group 1-53
2019-01-06 17:28:12,522 INFO o.a.j.t.JMeterThread: Thread finished: jp@gc - Stepping Thread Group 1-95
2019-01-06 17:28:12,522 INFO o.a.j.t.JMeterThread: Thread finished: jp@gc - Stepping Thread Group 1-54
2019-01-06 17:28:12,522 INFO o.a.j.t.JMeterThread: Thread finished: jp@gc - Stepping Thread Group 1-23
2019-01-06 17:28:12,522 INFO o.a.j.t.JMeterThread: Stopping: jp@gc - Stepping Thread Group 1-21
2019-01-06 17:28:12,522 WARN o.a.j.t.JMeterThread: Interrupting: jp@gc - Stepping Thread Group 1-21 sampler: HTTP Request
2019-01-06 17:28:12,522 INFO o.a.j.t.JMeterThread: Thread finished: jp@gc - Stepping Thread Group 1-53
2019-01-06 17:28:12,538 INFO o.a.j.t.JMeterThread: Stopping: jp@gc - Stepping Thread Group 1-73
2019-01-06 17:28:12,538 INFO o.a.j.t.JMeterThread: Thread finished: jp@gc - Stepping Thread Group 1-21
2019-01-06 17:28:12,538 INFO o.a.j.t.JMeterThread: Stopping: jp@gc - Stepping Thread Group 1-7
2019-01-06 17:28:12,538 WARN o.a.j.t.JMeterThread: Interrupting: jp@gc - Stepping Thread Group 1-7 sampler: HTTP Request
2019-01-06 17:28:12,538 INFO o.a.j.t.JMeterThread: Thread finished: jp@gc - Stepping Thread Group 1-7
2019-01-06 17:28:12,538 INFO o.a.j.t.JMeterThread: Thread started: jp@gc - Stepping Thread Group 1-73
2019-01-06 17:28:12,538 INFO o.a.j.t.JMeterThread: Stopping: jp@gc - Stepping Thread Group 1-6
2019-01-06 17:28:12,538 WARN o.a.j.t.JMeterThread: Interrupting: jp@gc - Stepping Thread Group 1-6 sampler: HTTP Request
2019-01-06 17:28:12,538 INFO o.a.j.t.JMeterThread: Thread finished: jp@gc - Stepping Thread Group 1-73
2019-01-06 17:28:12,538 INFO o.a.j.t.JMeterThread: Stopping: jp@gc - Stepping Thread Group 1-41
2019-01-06 17:28:12,538 INFO o.a.j.t.JMeterThread: Thread finished: jp@gc - Stepping Thread Group 1-6
2019-01-06 17:28:12,538 INFO o.a.j.t.JMeterThread: Stopping: jp@gc - Stepping Thread Group 1-36
2019-01-06 17:28:12,538 WARN o.a.j.t.JMeterThread: Interrupting: jp@gc - Stepping Thread Group 1-36 sampler: HTTP Request
2019-01-06 17:28:12,538 INFO o.a.j.t.JMeterThread: Thread started: jp@gc - Stepping Thread Group 1-41
2019-01-06 17:28:12,538 INFO o.a.j.t.JMeterThread: Thread finished: jp@gc - Stepping Thread Group 1-41
2019-01-06 17:28:12,538 INFO o.a.j.t.JMeterThread: Thread finished: jp@gc - Stepping Thread Group 1-36
2019-01-06 17:28:12,538 INFO o.a.j.t.JMeterThread: Stopping: jp@gc - Stepping Thread Group 1-84
2019-01-06 17:28:12,538 INFO o.a.j.t.JMeterThread: Stopping: jp@gc - Stepping Thread Group 1-25
2019-01-06 17:28:12,538 WARN o.a.j.t.JMeterThread: Interrupting: jp@gc - Stepping Thread Group 1-25 sampler: HTTP Request
2019-01-06 17:28:12,538 INFO o.a.j.t.JMeterThread: Thread started: jp@gc - Stepping Thread Group 1-84
2019-01-06 17:28:12,538 INFO o.a.j.t.JMeterThread: Stopping: jp@gc - Stepping Thread Group 1-33
2019-01-06 17:28:12,538 WARN o.a.j.t.JMeterThread: Interrupting: jp@gc - Stepping Thread Group 1-33 sampler: HTTP Request
2019-01-06 17:28:12,538 INFO o.a.j.t.JMeterThread: Thread finished: jp@gc - Stepping Thread Group 1-25
2019-01-06 17:28:12,538 INFO o.a.j.t.JMeterThread: Thread finished: jp@gc - Stepping Thread Group 1-84
2019-01-06 17:28:12,554 INFO o.a.j.t.JMeterThread: Thread finished: jp@gc - Stepping Thread Group 1-33
2019-01-06 17:28:12,555 INFO o.a.j.t.JMeterThread: Stopping: jp@gc - Stepping Thread Group 1-48
2019-01-06 17:28:12,555 INFO o.a.j.t.JMeterThread: Stopping: jp@gc - Stepping Thread Group 1-55
2019-01-06 17:28:12,555 INFO o.a.j.t.JMeterThread: Stopping: jp@gc - Stepping Thread Group 1-22
2019-01-06 17:28:12,555 WARN o.a.j.t.JMeterThread: Interrupting: jp@gc - Stepping Thread Group 1-22 sampler: HTTP Request
2019-01-06 17:28:12,556 INFO o.a.j.t.JMeterThread: Thread started: jp@gc - Stepping Thread Group 1-48
2019-01-06 17:28:12,556 INFO o.a.j.t.JMeterThread: Thread started: jp@gc - Stepping Thread Group 1-55
2019-01-06 17:28:12,557 INFO o.a.j.t.JMeterThread: Thread finished: jp@gc - Stepping Thread Group 1-55
2019-01-06 17:28:12,558 INFO o.a.j.t.JMeterThread: Thread finished: jp@gc - Stepping Thread Group 1-48
2019-01-06 17:28:12,558 INFO o.a.j.t.JMeterThread: Stopping: jp@gc - Stepping Thread Group 1-58
2019-01-06 17:28:12,559 INFO o.a.j.t.JMeterThread: Stopping: jp@gc - Stepping Thread Group 1-1
2019-01-06 17:28:12,559 WARN o.a.j.t.JMeterThread: Interrupting: jp@gc - Stepping Thread Group 1-1 sampler: HTTP Request
2019-01-06 17:28:12,559 INFO o.a.j.t.JMeterThread: Thread finished: jp@gc - Stepping Thread Group 1-22
2019-01-06 17:28:12,560 INFO o.a.j.t.JMeterThread: Thread started: jp@gc - Stepping Thread Group 1-58
2019-01-06 17:28:12,561 INFO o.a.j.t.JMeterThread: Thread finished: jp@gc - Stepping Thread Group 1-58
2019-01-06 17:28:12,561 INFO o.a.j.t.JMeterThread: Thread finished: jp@gc - Stepping Thread Group 1-1
2019-01-06 17:28:12,562 INFO o.a.j.t.JMeterThread: Stopping: jp@gc - Stepping Thread Group 1-76
2019-01-06 17:28:12,562 INFO o.a.j.t.JMeterThread: Stopping: jp@gc - Stepping Thread Group 1-5
2019-01-06 17:28:12,562 WARN o.a.j.t.JMeterThread: Interrupting: jp@gc - Stepping Thread Group 1-5 sampler: HTTP Request
2019-01-06 17:28:12,562 INFO o.a.j.t.JMeterThread: Thread started: jp@gc - Stepping Thread Group 1-76
2019-01-06 17:28:12,563 INFO o.a.j.t.JMeterThread: Thread finished: jp@gc - Stepping Thread Group 1-76
2019-01-06 17:28:12,564 INFO o.a.j.t.JMeterThread: Stopping: jp@gc - Stepping Thread Group 1-90
2019-01-06 17:28:12,564 INFO o.a.j.t.JMeterThread: Stopping: jp@gc - Stepping Thread Group 1-61
2019-01-06 17:28:12,564 INFO o.a.j.t.JMeterThread: Stopping: jp@gc - Stepping Thread Group 1-2
2019-01-06 17:28:12,564 WARN o.a.j.t.JMeterThread: Interrupting: jp@gc - Stepping Thread Group 1-2 sampler: HTTP Request
2019-01-06 17:28:12,564 INFO o.a.j.t.JMeterThread: Thread finished: jp@gc - Stepping Thread Group 1-5
2019-01-06 17:28:12,567 INFO o.a.j.t.JMeterThread: Thread started: jp@gc - Stepping Thread Group 1-61
2019-01-06 17:28:12,567 INFO o.a.j.t.JMeterThread: Thread finished: jp@gc - Stepping Thread Group 1-61
2019-01-06 17:28:12,567 INFO o.a.j.t.JMeterThread: Thread finished: jp@gc - Stepping Thread Group 1-2
2019-01-06 17:28:12,567 INFO o.a.j.t.JMeterThread: Stopping: jp@gc - Stepping Thread Group 1-9
2019-01-06 17:28:12,567 WARN o.a.j.t.JMeterThread: Interrupting: jp@gc - Stepping Thread Group 1-9 sampler: HTTP Request
2019-01-06 17:28:12,567 INFO o.a.j.t.JMeterThread: Thread started: jp@gc - Stepping Thread Group 1-90
2019-01-06 17:28:12,568 INFO o.a.j.t.JMeterThread: Thread finished: jp@gc - Stepping Thread Group 1-90
2019-01-06 17:28:12,568 INFO o.a.j.t.JMeterThread: Thread finished: jp@gc - Stepping Thread Group 1-9
2019-01-06 17:28:12,568 INFO o.a.j.t.JMeterThread: Stopping: jp@gc - Stepping Thread Group 1-39
2019-01-06 17:28:12,569 WARN o.a.j.t.JMeterThread: Interrupting: jp@gc - Stepping Thread Group 1-39 sampler: HTTP Request
2019-01-06 17:28:12,571 INFO o.a.j.t.JMeterThread: Stopping: jp@gc - Stepping Thread Group 1-62
2019-01-06 17:28:12,572 INFO o.a.j.t.JMeterThread: Thread finished: jp@gc - Stepping Thread Group 1-39
2019-01-06 17:28:12,572 INFO o.a.j.t.JMeterThread: Thread started: jp@gc - Stepping Thread Group 1-62
2019-01-06 17:28:12,572 INFO o.a.j.t.JMeterThread: Stopping: jp@gc - Stepping Thread Group 1-56
2019-01-06 17:28:12,573 INFO o.a.j.t.JMeterThread: Stopping: jp@gc - Stepping Thread Group 1-26
2019-01-06 17:28:12,573 WARN o.a.j.t.JMeterThread: Interrupting: jp@gc - Stepping Thread Group 1-26 sampler: HTTP Request
2019-01-06 17:28:12,573 INFO o.a.j.t.JMeterThread: Thread finished: jp@gc - Stepping Thread Group 1-62
2019-01-06 17:28:12,574 INFO o.a.j.t.JMeterThread: Stopping: jp@gc - Stepping Thread Group 1-20
2019-01-06 17:28:12,574 WARN o.a.j.t.JMeterThread: Interrupting: jp@gc - Stepping Thread Group 1-20 sampler: HTTP Request
2019-01-06 17:28:12,574 INFO o.a.j.t.JMeterThread: Thread finished: jp@gc - Stepping Thread Group 1-26
2019-01-06 17:28:12,573 INFO o.a.j.t.JMeterThread: Thread started: jp@gc - Stepping Thread Group 1-56
2019-01-06 17:28:12,576 INFO o.a.j.t.JMeterThread: Thread finished: jp@gc - Stepping Thread Group 1-20
2019-01-06 17:28:12,579 INFO o.a.j.t.JMeterThread: Thread finished: jp@gc - Stepping Thread Group 1-56
2019-01-06 17:28:12,579 INFO o.a.j.t.JMeterThread: Stopping: jp@gc - Stepping Thread Group 1-17
2019-01-06 17:28:12,580 WARN o.a.j.t.JMeterThread: Interrupting: jp@gc - Stepping Thread Group 1-17 sampler: HTTP Request
2019-01-06 17:28:12,581 INFO o.a.j.t.JMeterThread: Thread finished: jp@gc - Stepping Thread Group 1-17
2019-01-06 17:28:12,582 INFO o.a.j.t.JMeterThread: Stopping: jp@gc - Stepping Thread Group 1-13
2019-01-06 17:28:12,582 WARN o.a.j.t.JMeterThread: Interrupting: jp@gc - Stepping Thread Group 1-13 sampler: HTTP Request
2019-01-06 17:28:12,583 INFO o.a.j.t.JMeterThread: Stopping: jp@gc - Stepping Thread Group 1-97
2019-01-06 17:28:12,583 INFO o.a.j.t.JMeterThread: Stopping: jp@gc - Stepping Thread Group 1-35
2019-01-06 17:28:12,583 INFO o.a.j.t.JMeterThread: Thread finished: jp@gc - Stepping Thread Group 1-13
2019-01-06 17:28:12,583 WARN o.a.j.t.JMeterThread: Interrupting: jp@gc - Stepping Thread Group 1-35 sampler: HTTP Request
2019-01-06 17:28:12,583 INFO o.a.j.t.JMeterThread: Thread started: jp@gc - Stepping Thread Group 1-97
2019-01-06 17:28:12,583 INFO o.a.j.t.JMeterThread: Thread finished: jp@gc - Stepping Thread Group 1-97
2019-01-06 17:28:12,585 INFO o.a.j.t.JMeterThread: Stopping: jp@gc - Stepping Thread Group 1-60
2019-01-06 17:28:12,585 INFO o.a.j.t.JMeterThread: Stopping: jp@gc - Stepping Thread Group 1-12
2019-01-06 17:28:12,585 INFO o.a.j.t.JMeterThread: Thread finished: jp@gc - Stepping Thread Group 1-35
2019-01-06 17:28:12,585 WARN o.a.j.t.JMeterThread: Interrupting: jp@gc - Stepping Thread Group 1-12 sampler: HTTP Request
2019-01-06 17:28:12,585 INFO o.a.j.t.JMeterThread: Thread started: jp@gc - Stepping Thread Group 1-60
2019-01-06 17:28:12,585 INFO o.a.j.t.JMeterThread: Thread finished: jp@gc - Stepping Thread Group 1-60
2019-01-06 17:28:12,586 INFO o.a.j.t.JMeterThread: Stopping: jp@gc - Stepping Thread Group 1-75
2019-01-06 17:28:12,586 INFO o.a.j.t.JMeterThread: Stopping: jp@gc - Stepping Thread Group 1-77
2019-01-06 17:28:12,586 INFO o.a.j.t.JMeterThread: Stopping: jp@gc - Stepping Thread Group 1-69
2019-01-06 17:28:12,586 INFO o.a.j.t.JMeterThread: Stopping: jp@gc - Stepping Thread Group 1-82
2019-01-06 17:28:12,586 INFO o.a.j.t.JMeterThread: Stopping: jp@gc - Stepping Thread Group 1-87
2019-01-06 17:28:12,586 INFO o.a.j.t.JMeterThread: Stopping: jp@gc - Stepping Thread Group 1-15
2019-01-06 17:28:12,586 WARN o.a.j.t.JMeterThread: Interrupting: jp@gc - Stepping Thread Group 1-15 sampler: HTTP Request
2019-01-06 17:28:12,586 INFO o.a.j.t.JMeterThread: Thread finished: jp@gc - Stepping Thread Group 1-12
2019-01-06 17:28:12,587 INFO o.a.j.t.JMeterThread: Thread started: jp@gc - Stepping Thread Group 1-75
2019-01-06 17:28:12,588 INFO o.a.j.t.JMeterThread: Thread finished: jp@gc - Stepping Thread Group 1-15
2019-01-06 17:28:12,588 INFO o.a.j.t.JMeterThread: Stopping: jp@gc - Stepping Thread Group 1-3
2019-01-06 17:28:12,587 INFO o.a.j.t.JMeterThread: Thread started: jp@gc - Stepping Thread Group 1-87
2019-01-06 17:28:12,595 INFO o.a.j.t.JMeterThread: Thread finished: jp@gc - Stepping Thread Group 1-87
2019-01-06 17:28:12,587 INFO o.a.j.t.JMeterThread: Thread started: jp@gc - Stepping Thread Group 1-82
2019-01-06 17:28:12,596 WARN o.a.j.t.JMeterThread: Interrupting: jp@gc - Stepping Thread Group 1-3 sampler: HTTP Request
2019-01-06 17:28:12,598 INFO o.a.j.t.JMeterThread: Thread finished: jp@gc - Stepping Thread Group 1-82
2019-01-06 17:28:12,587 INFO o.a.j.t.JMeterThread: Thread started: jp@gc - Stepping Thread Group 1-69
2019-01-06 17:28:12,599 INFO o.a.j.t.JMeterThread: Thread finished: jp@gc - Stepping Thread Group 1-75
2019-01-06 17:28:12,599 INFO o.a.j.t.JMeterThread: Thread finished: jp@gc - Stepping Thread Group 1-69
2019-01-06 17:28:12,599 INFO o.a.j.t.JMeterThread: Stopping: jp@gc - Stepping Thread Group 1-11
2019-01-06 17:28:12,599 INFO o.a.j.t.JMeterThread: Thread finished: jp@gc - Stepping Thread Group 1-3
2019-01-06 17:28:12,587 INFO o.a.j.t.JMeterThread: Thread started: jp@gc - Stepping Thread Group 1-77
2019-01-06 17:28:12,599 INFO o.a.j.t.JMeterThread: Thread finished: jp@gc - Stepping Thread Group 1-77
2019-01-06 17:28:12,599 WARN o.a.j.t.JMeterThread: Interrupting: jp@gc - Stepping Thread Group 1-11 sampler: HTTP Request
2019-01-06 17:28:12,599 INFO o.a.j.t.JMeterThread: Thread finished: jp@gc - Stepping Thread Group 1-11
2019-01-06 17:28:12,599 INFO o.a.j.t.JMeterThread: Stopping: jp@gc - Stepping Thread Group 1-49
2019-01-06 17:28:12,599 INFO o.a.j.t.JMeterThread: Stopping: jp@gc - Stepping Thread Group 1-92
2019-01-06 17:28:12,599 INFO o.a.j.t.JMeterThread: Stopping: jp@gc - Stepping Thread Group 1-34
2019-01-06 17:28:12,599 WARN o.a.j.t.JMeterThread: Interrupting: jp@gc - Stepping Thread Group 1-34 sampler: HTTP Request
2019-01-06 17:28:12,599 INFO o.a.j.t.JMeterThread: Thread started: jp@gc - Stepping Thread Group 1-49
2019-01-06 17:28:12,599 INFO o.a.j.t.JMeterThread: Thread started: jp@gc - Stepping Thread Group 1-92
2019-01-06 17:28:12,599 INFO o.a.j.t.JMeterThread: Thread finished: jp@gc - Stepping Thread Group 1-92
2019-01-06 17:28:12,599 INFO o.a.j.t.JMeterThread: Thread finished: jp@gc - Stepping Thread Group 1-34
2019-01-06 17:28:12,615 INFO o.a.j.t.JMeterThread: Stopping: jp@gc - Stepping Thread Group 1-27
2019-01-06 17:28:12,615 WARN o.a.j.t.JMeterThread: Interrupting: jp@gc - Stepping Thread Group 1-27 sampler: HTTP Request
2019-01-06 17:28:12,599 INFO o.a.j.t.JMeterThread: Thread finished: jp@gc - Stepping Thread Group 1-49
2019-01-06 17:28:12,615 INFO o.a.j.t.JMeterThread: Thread finished: jp@gc - Stepping Thread Group 1-27
2019-01-06 17:28:12,615 INFO o.a.j.t.JMeterThread: Stopping: jp@gc - Stepping Thread Group 1-91
2019-01-06 17:28:12,615 INFO o.a.j.t.JMeterThread: Stopping: jp@gc - Stepping Thread Group 1-70
2019-01-06 17:28:12,615 INFO o.a.j.t.JMeterThread: Stopping: jp@gc - Stepping Thread Group 1-42
2019-01-06 17:28:12,615 INFO o.a.j.t.JMeterThread: Stopping: jp@gc - Stepping Thread Group 1-18
2019-01-06 17:28:12,615 INFO o.a.j.t.JMeterThread: Thread started: jp@gc - Stepping Thread Group 1-91
2019-01-06 17:28:12,615 INFO o.a.j.t.JMeterThread: Thread finished: jp@gc - Stepping Thread Group 1-91
2019-01-06 17:28:12,615 WARN o.a.j.t.JMeterThread: Interrupting: jp@gc - Stepping Thread Group 1-18 sampler: HTTP Request
2019-01-06 17:28:12,615 INFO o.a.j.t.JMeterThread: Stopping: jp@gc - Stepping Thread Group 1-32
2019-01-06 17:28:12,615 WARN o.a.j.t.JMeterThread: Interrupting: jp@gc - Stepping Thread Group 1-32 sampler: HTTP Request
2019-01-06 17:28:12,615 INFO o.a.j.t.JMeterThread: Thread finished: jp@gc - Stepping Thread Group 1-18
2019-01-06 17:28:12,639 INFO o.a.j.t.JMeterThread: Thread finished: jp@gc - Stepping Thread Group 1-32
2019-01-06 17:28:12,638 INFO o.a.j.t.JMeterThread: Stopping: jp@gc - Stepping Thread Group 1-16
2019-01-06 17:28:12,639 WARN o.a.j.t.JMeterThread: Interrupting: jp@gc - Stepping Thread Group 1-16 sampler: HTTP Request
2019-01-06 17:28:12,638 INFO o.a.j.t.JMeterThread: Thread started: jp@gc - Stepping Thread Group 1-42
2019-01-06 17:28:12,638 INFO o.a.j.t.JMeterThread: Thread started: jp@gc - Stepping Thread Group 1-70
2019-01-06 17:28:12,641 INFO o.a.j.t.JMeterThread: Thread finished: jp@gc - Stepping Thread Group 1-42
2019-01-06 17:28:12,641 INFO o.a.j.t.JMeterThread: Thread finished: jp@gc - Stepping Thread Group 1-70
2019-01-06 17:28:12,641 INFO o.a.j.t.JMeterThread: Stopping: jp@gc - Stepping Thread Group 1-43
2019-01-06 17:28:12,641 INFO o.a.j.t.JMeterThread: Stopping: jp@gc - Stepping Thread Group 1-74
2019-01-06 17:28:12,641 INFO o.a.j.t.JMeterThread: Stopping: jp@gc - Stepping Thread Group 1-71
2019-01-06 17:28:12,641 INFO o.a.j.t.JMeterThread: Thread finished: jp@gc - Stepping Thread Group 1-16
2019-01-06 17:28:12,642 INFO o.a.j.t.JMeterThread: Thread started: jp@gc - Stepping Thread Group 1-71
2019-01-06 17:28:12,642 INFO o.a.j.t.JMeterThread: Thread finished: jp@gc - Stepping Thread Group 1-71
2019-01-06 17:28:12,642 INFO o.a.j.t.JMeterThread: Thread started: jp@gc - Stepping Thread Group 1-74
2019-01-06 17:28:12,642 INFO o.a.j.t.JMeterThread: Thread started: jp@gc - Stepping Thread Group 1-43
2019-01-06 17:28:12,643 INFO o.a.j.t.JMeterThread: Thread finished: jp@gc - Stepping Thread Group 1-74
2019-01-06 17:28:12,643 INFO o.a.j.t.JMeterThread: Thread finished: jp@gc - Stepping Thread Group 1-43
2019-01-06 17:28:12,644 INFO o.a.j.e.StandardJMeterEngine: Notifying test listeners of end of test
2019-01-06 17:28:12,644 INFO o.a.j.v.b.BackendListener: Worker ended
2019-01-06 17:28:12,644 INFO r.n.a.j.JMeterInfluxDBBackendListenerClient: Shutting down influxDB scheduler...
2019-01-06 17:28:12,662 INFO r.n.a.j.JMeterInfluxDBBackendListenerClient: influxDB scheduler terminated!
2019-01-06 17:28:12,663 INFO o.a.j.g.u.JMeterMenuBar: setRunning(false, *local*)
